[     975ms] [ERROR] Hydration completed but contains mismatches. @ https://12thman.com/_nuxt/FNAqBJI9.js:12
[    1967ms] [ERROR] Attestation check for Shared Storage on https://www.googleadservices.com failed. @ https://www.googleadservices.com/pagead/managed/js/activeview/current/reach_worklet.html:0
[    2782ms] [WARNING] [GPT] Using deprecated googletag.encryptedSignalProviders. Please use googletag.secureSignalProviders instead.
https://goo.gle/gpt-message#155 @ https://securepubads.g.doubleclick.net/pagead/managed/js/gpt/m202602050101/pubads_impl.js?cb=31096659:18
[    3069ms] [ERROR] Failed to load resource: the server responded with a status of 403 () @ https://12thman.com/api/v2/promotions/counter?adIds=1461,1475,1476,1468,1505,1469,1470,1471,1472,1473,1474,1477,1551,1529,1523,1524,1480,1481,1492,1485,1343,1372,1487,1362,1300,1301,1486,1483,1484:0
[    3069ms] [ERROR] [PromoRepo] registerAdsImpressions() catch() fetch failed FetchError: [GET] "https://12thman.com/api/v2/promotions/counter?adIds=1461,1475,1476,1468,1505,1469,1470,1471,1472,1473,1474,1477,1551,1529,1523,1524,1480,1481,1492,1485,1343,1372,1487,1362,1300,1301,1486,1483,1484": 403 
    at async Object.En (https://12thman.com/_nuxt/eHUbgAC3.js:2:15314) @ https://12thman.com/_nuxt/eHUbgAC3.js:27
[    1967ms] [ERROR] Attestation check for Shared Storage on https://www.googleadservices.com failed. @ https://www.googleadservices.com/pagead/managed/js/activeview/current/reach_worklet.html:0
[    3318ms] [ERROR] Attestation check for Shared Storage on https://www.googleadservices.com failed. @ https://www.googleadservices.com/pagead/managed/js/activeview/current/reach_worklet.html:0
[    3399ms] [ERROR] Attestation check for Attribution Reporting on https://ad.doubleclick.net failed. @ https://12thman.com/:0
[    3515ms] Uncaught Error: Window playback event handlers are not defined
    at <anonymous> (https://d17ebhrlbr4s4.cloudfront.net/preview-utils.js:0:140)
    at <anonymous> (https://d17ebhrlbr4s4.cloudfront.net/preview-utils.js:0:295)
[    3517ms] Uncaught Error: Window playback event handlers are not defined
    at <anonymous> (https://d17ebhrlbr4s4.cloudfront.net/preview-utils.js:0:140)
    at <anonymous> (https://d17ebhrlbr4s4.cloudfront.net/preview-utils.js:0:295)
[    3519ms] Uncaught Error: Window playback event handlers are not defined
    at <anonymous> (https://d17ebhrlbr4s4.cloudfront.net/preview-utils.js:0:140)
    at <anonymous> (https://d17ebhrlbr4s4.cloudfront.net/preview-utils.js:0:295)
[    3520ms] Uncaught Error: Window playback event handlers are not defined
    at <anonymous> (https://d17ebhrlbr4s4.cloudfront.net/preview-utils.js:0:140)
    at <anonymous> (https://d17ebhrlbr4s4.cloudfront.net/preview-utils.js:0:295)
[    3520ms] Uncaught Error: Window playback event handlers are not defined
    at <anonymous> (https://d17ebhrlbr4s4.cloudfront.net/preview-utils.js:0:140)
    at <anonymous> (https://d17ebhrlbr4s4.cloudfront.net/preview-utils.js:0:295)
[    3520ms] Uncaught Error: Window playback event handlers are not defined
    at <anonymous> (https://d17ebhrlbr4s4.cloudfront.net/preview-utils.js:0:140)
    at <anonymous> (https://d17ebhrlbr4s4.cloudfront.net/preview-utils.js:0:295)
[    3520ms] Uncaught Error: Window playback event handlers are not defined
    at <anonymous> (https://d17ebhrlbr4s4.cloudfront.net/preview-utils.js:0:140)
    at <anonymous> (https://d17ebhrlbr4s4.cloudfront.net/preview-utils.js:0:295)
[    3555ms] [ERROR] Attestation check for Attribution Reporting on https://ad.doubleclick.net failed. @ https://12thman.com/:0
[    5074ms] [WARNING] Mixed Content: The page at 'https://onetag-sys.com/usync/?cb=1770850893483&gpp_consent=DBABzw~1NNN~BqgqAAAAAgA.QA&us_privacy=1YNN' was loaded over HTTPS, but requested an insecure element 'http://user-sync.fwmrm.net/ad/u?mode=echo&cr=https%3A%2F%2Fonetag-sys.com%2Fmatch%2F%3Fint_id%3D3%26gdpr%3D1%26gdpr_consent%3D%26uid%3D#{user.id}'. This request was automatically upgraded to HTTPS, For more information see https://blog.chromium.org/2019/10/no-more-mixed-messages-about-https.html @ https://onetag-sys.com/usync/?cb=1770850893483&gpp_consent=DBABzw~1NNN~BqgqAAAAAgA.QA&us_privacy=1YNN:0
[    5508ms] [ERROR] Failed to load resource: the server responded with a status of 424 (Failed Dependency) @ https://t.adx.opera.com/pub/sync?pubid=pub10101531197440&gdpr=1&gdpr_consent=:0
[    1967ms] [ERROR] Attestation check for Shared Storage on https://www.googleadservices.com failed. @ https://www.googleadservices.com/pagead/managed/js/activeview/current/reach_worklet.html:0
[    3318ms] [ERROR] Attestation check for Shared Storage on https://www.googleadservices.com failed. @ https://www.googleadservices.com/pagead/managed/js/activeview/current/reach_worklet.html:0
[   32648ms] [ERROR] Attestation check for Shared Storage on https://www.googleadservices.com failed. @ https://www.googleadservices.com/pagead/managed/js/activeview/current/reach_worklet.html:0
[   62546ms] [ERROR] Failed to load resource: net::ERR_NAME_NOT_RESOLVED @ https://cs.lkqd.net/cs?partnerId=59&redirect=https%3A%2F%2Fcm.g.doubleclick.net%2Fpixel%3Fgoogle_nid%3Dlkqd_dbm%26google_hm%3D%24%24rawlkqduserid%7Cbase64%24%24:0
[   62608ms] [ERROR] Failed to load resource: net::ERR_NAME_NOT_RESOLVED @ https://cs.lkqd.net/cs?partnerId=59&partnerUserId=CAESEADLu6ynWFheRVRHev94hww&gpp=DBABzw~1NNN~BqgqAAAAAgA.QA&google_cver=1:0
[    1967ms] [ERROR] Attestation check for Shared Storage on https://www.googleadservices.com failed. @ https://www.googleadservices.com/pagead/managed/js/activeview/current/reach_worklet.html:0
[    3318ms] [ERROR] Attestation check for Shared Storage on https://www.googleadservices.com failed. @ https://www.googleadservices.com/pagead/managed/js/activeview/current/reach_worklet.html:0
[   32648ms] [ERROR] Attestation check for Shared Storage on https://www.googleadservices.com failed. @ https://www.googleadservices.com/pagead/managed/js/activeview/current/reach_worklet.html:0
[    1967ms] [ERROR] Attestation check for Shared Storage on https://www.googleadservices.com failed. @ https://www.googleadservices.com/pagead/managed/js/activeview/current/reach_worklet.html:0
[    3318ms] [ERROR] Attestation check for Shared Storage on https://www.googleadservices.com failed. @ https://www.googleadservices.com/pagead/managed/js/activeview/current/reach_worklet.html:0
[   32648ms] [ERROR] Attestation check for Shared Storage on https://www.googleadservices.com failed. @ https://www.googleadservices.com/pagead/managed/js/activeview/current/reach_worklet.html:0
[   62780ms] [ERROR] Attestation check for Shared Storage on https://www.googleadservices.com failed. @ https://www.googleadservices.com/pagead/managed/js/activeview/current/reach_worklet.html:0
[   62813ms] [ERROR] Attestation check for Shared Storage on https://www.googleadservices.com failed. @ https://www.googleadservices.com/pagead/managed/js/activeview/current/reach_worklet.html:0
[   62546ms] [ERROR] Failed to load resource: net::ERR_NAME_NOT_RESOLVED @ https://cs.lkqd.net/cs?partnerId=59&redirect=https%3A%2F%2Fcm.g.doubleclick.net%2Fpixel%3Fgoogle_nid%3Dlkqd_dbm%26google_hm%3D%24%24rawlkqduserid%7Cbase64%24%24:0
[   62608ms] [ERROR] Failed to load resource: net::ERR_NAME_NOT_RESOLVED @ https://cs.lkqd.net/cs?partnerId=59&partnerUserId=CAESEADLu6ynWFheRVRHev94hww&gpp=DBABzw~1NNN~BqgqAAAAAgA.QA&google_cver=1:0
[    1967ms] [ERROR] Attestation check for Shared Storage on https://www.googleadservices.com failed. @ https://www.googleadservices.com/pagead/managed/js/activeview/current/reach_worklet.html:0
[    3318ms] [ERROR] Attestation check for Shared Storage on https://www.googleadservices.com failed. @ https://www.googleadservices.com/pagead/managed/js/activeview/current/reach_worklet.html:0
[   32648ms] [ERROR] Attestation check for Shared Storage on https://www.googleadservices.com failed. @ https://www.googleadservices.com/pagead/managed/js/activeview/current/reach_worklet.html:0
[   62780ms] [ERROR] Attestation check for Shared Storage on https://www.googleadservices.com failed. @ https://www.googleadservices.com/pagead/managed/js/activeview/current/reach_worklet.html:0
[   62813ms] [ERROR] Attestation check for Shared Storage on https://www.googleadservices.com failed. @ https://www.googleadservices.com/pagead/managed/js/activeview/current/reach_worklet.html:0
[   92924ms] [ERROR] Attestation check for Shared Storage on https://www.googleadservices.com failed. @ https://www.googleadservices.com/pagead/managed/js/activeview/current/reach_worklet.html:0
[   92956ms] [ERROR] Attestation check for Attribution Reporting on https://ad.doubleclick.net failed. @ https://12thman.com/:0
[   93004ms] [ERROR] Attestation check for Attribution Reporting on https://ad.doubleclick.net failed. @ https://12thman.com/:0
