[    2204ms] [WARNING] AdSense head tag doesn't support data-sidearm-tag-id attribute. @ https://pagead2.googlesyndication.com/pagead/js/adsbygoogle.js:225
[    2204ms] [WARNING] AdSense head tag doesn't support data-hid attribute. @ https://pagead2.googlesyndication.com/pagead/js/adsbygoogle.js:225
[    2204ms] [WARNING] AdSense head tag doesn't support data-airgap-id attribute. @ https://pagead2.googlesyndication.com/pagead/js/adsbygoogle.js:225
[    4065ms] [ERROR] Failed to load resource: the server responded with a status of 403 () @ https://texaslonghorns.com/api/v2/promotions/counter?adIds=2,3,4,34,27,63,29,30,43:0
[    4065ms] [ERROR] [PromoRepo] registerAdsImpressions() catch() fetch failed FetchError: [GET] "https://texaslonghorns.com/api/v2/promotions/counter?adIds=2,3,4,34,27,63,29,30,43": 403 
    at async Object.En (https://texaslonghorns.com/_nuxt/D_lOXiL_.js:2:15288) @ https://texaslonghorns.com/_nuxt/D_lOXiL_.js:27
[    4356ms] [WARNING] [GPT] Using deprecated googletag.encryptedSignalProviders. Please use googletag.secureSignalProviders instead.
https://goo.gle/gpt-message#155 @ https://securepubads.g.doubleclick.net/pagead/managed/js/gpt/m202602050101/pubads_impl.js:18
[    4665ms] [ERROR] Failed to load resource: net::ERR_NAME_NOT_RESOLVED @ https://x.dlx.addthis.com/e/googlegdn_sync?na_exid=CAESEPOuGz8iF7luVmSB0QwREas&gdpr=0&gpp=DBABzw~1NNN~BqgqAAAAAgA.QA&google_cver=1:0
[    4721ms] [WARNING] Mixed Content: The page at 'https://onetag-sys.com/usync/?gdpr=0&gdpr_consent=&us_privacy=1YNN' was loaded over HTTPS, but requested an insecure element 'http://user-sync.fwmrm.net/ad/u?mode=echo&cr=https%3A%2F%2Fonetag-sys.com%2Fmatch%2F%3Fint_id%3D3%26gdpr%3D0%26gdpr_consent%3D%26uid%3D#{user.id}'. This request was automatically upgraded to HTTPS, For more information see https://blog.chromium.org/2019/10/no-more-mixed-messages-about-https.html @ https://onetag-sys.com/usync/?gdpr=0&gdpr_consent=&us_privacy=1YNN:0
[    4721ms] [WARNING] Mixed Content: The page at 'https://onetag-sys.com/usync/?gdpr=0&gdpr_consent=&us_privacy=1YNN' was loaded over HTTPS, but requested an insecure element 'http://user-sync.fwmrm.net/ad/u?mode=echo&cr=https%3A%2F%2Fonetag-sys.com%2Fmatch%2F%3Fint_id%3D3%26gdpr%3D0%26gdpr_consent%3D%26uid%3D#{user.id}'. This request was automatically upgraded to HTTPS, For more information see https://blog.chromium.org/2019/10/no-more-mixed-messages-about-https.html @ https://onetag-sys.com/usync/?gdpr=0&gdpr_consent=&us_privacy=1YNN:0
[    4868ms] [WARNING] Mixed Content: The page at 'https://onetag-sys.com/usync/?gdpr=0&gdpr_consent=&us_privacy=1YNN' was loaded over HTTPS, but requested an insecure element 'http://user-sync.fwmrm.net/ad/u?mode=echo&cr=https%3A%2F%2Fonetag-sys.com%2Fmatch%2F%3Fint_id%3D3%26gdpr%3D0%26gdpr_consent%3D%26uid%3D#{user.id}'. This request was automatically upgraded to HTTPS, For more information see https://blog.chromium.org/2019/10/no-more-mixed-messages-about-https.html @ https://onetag-sys.com/usync/?gdpr=0&gdpr_consent=&us_privacy=1YNN:0
[    4927ms] [ERROR] Attestation check for Shared Storage on https://www.googleadservices.com failed. @ https://www.googleadservices.com/pagead/managed/js/activeview/current/reach_worklet.html:0
[    4931ms] [ERROR] Attestation check for Shared Storage on https://www.googleadservices.com failed. @ https://www.googleadservices.com/pagead/managed/js/activeview/current/reach_worklet.html:0
[    4987ms] [ERROR] Failed to load resource: the server responded with a status of 403 (Forbidden) @ https://user-sync.fwmrm.net/ad/u?mode=echo&cr=https%3A%2F%2Fonetag-sys.com%2Fmatch%2F%3Fint_id%3D3%26gdpr%3D0%26gdpr_consent%3D%26uid%3D#{user.id}:0
[    4996ms] [ERROR] Attestation check for Shared Storage on https://www.googleadservices.com failed. @ https://www.googleadservices.com/pagead/managed/js/activeview/current/reach_worklet.html:0
[    4997ms] [ERROR] Attestation check for Shared Storage on https://www.googleadservices.com failed. @ https://www.googleadservices.com/pagead/managed/js/activeview/current/reach_worklet.html:0
[    5028ms] [ERROR] Failed to load resource: the server responded with a status of 403 (Forbidden) @ https://user-sync.fwmrm.net/ad/u?mode=echo&cr=https%3A%2F%2Fonetag-sys.com%2Fmatch%2F%3Fint_id%3D3%26gdpr%3D0%26gdpr_consent%3D%26uid%3D#{user.id}:0
[    4721ms] [WARNING] Mixed Content: The page at 'https://onetag-sys.com/usync/?gdpr=0&gdpr_consent=&us_privacy=1YNN' was loaded over HTTPS, but requested an insecure element 'http://user-sync.fwmrm.net/ad/u?mode=echo&cr=https%3A%2F%2Fonetag-sys.com%2Fmatch%2F%3Fint_id%3D3%26gdpr%3D0%26gdpr_consent%3D%26uid%3D#{user.id}'. This request was automatically upgraded to HTTPS, For more information see https://blog.chromium.org/2019/10/no-more-mixed-messages-about-https.html @ https://onetag-sys.com/usync/?gdpr=0&gdpr_consent=&us_privacy=1YNN:0
[    4868ms] [WARNING] Mixed Content: The page at 'https://onetag-sys.com/usync/?gdpr=0&gdpr_consent=&us_privacy=1YNN' was loaded over HTTPS, but requested an insecure element 'http://user-sync.fwmrm.net/ad/u?mode=echo&cr=https%3A%2F%2Fonetag-sys.com%2Fmatch%2F%3Fint_id%3D3%26gdpr%3D0%26gdpr_consent%3D%26uid%3D#{user.id}'. This request was automatically upgraded to HTTPS, For more information see https://blog.chromium.org/2019/10/no-more-mixed-messages-about-https.html @ https://onetag-sys.com/usync/?gdpr=0&gdpr_consent=&us_privacy=1YNN:0
[    4987ms] [ERROR] Failed to load resource: the server responded with a status of 403 (Forbidden) @ https://user-sync.fwmrm.net/ad/u?mode=echo&cr=https%3A%2F%2Fonetag-sys.com%2Fmatch%2F%3Fint_id%3D3%26gdpr%3D0%26gdpr_consent%3D%26uid%3D#{user.id}:0
[    5028ms] [ERROR] Failed to load resource: the server responded with a status of 403 (Forbidden) @ https://user-sync.fwmrm.net/ad/u?mode=echo&cr=https%3A%2F%2Fonetag-sys.com%2Fmatch%2F%3Fint_id%3D3%26gdpr%3D0%26gdpr_consent%3D%26uid%3D#{user.id}:0
[    6916ms] [WARNING] Mixed Content: The page at 'https://onetag-sys.com/usync/?cb=1770915635760&gpp_consent=DBABzw~1NNN~BqgqAAAAAgA.QA&us_privacy=1YNN' was loaded over HTTPS, but requested an insecure element 'http://user-sync.fwmrm.net/ad/u?mode=echo&cr=https%3A%2F%2Fonetag-sys.com%2Fmatch%2F%3Fint_id%3D3%26gdpr%3D1%26gdpr_consent%3D%26uid%3D#{user.id}'. This request was automatically upgraded to HTTPS, For more information see https://blog.chromium.org/2019/10/no-more-mixed-messages-about-https.html @ https://onetag-sys.com/usync/?cb=1770915635760&gpp_consent=DBABzw~1NNN~BqgqAAAAAgA.QA&us_privacy=1YNN:0
[    6959ms] [ERROR] Failed to load resource: the server responded with a status of 403 (Forbidden) @ https://user-sync.fwmrm.net/ad/u?mode=echo&cr=https%3A%2F%2Fonetag-sys.com%2Fmatch%2F%3Fint_id%3D3%26gdpr%3D1%26gdpr_consent%3D%26uid%3D#{user.id}:0
[    7055ms] [ERROR] Failed to load resource: the server responded with a status of 424 (Failed Dependency) @ https://t.adx.opera.com/pub/sync?pubid=pub10101531197440&gdpr=1&gdpr_consent=:0
[    9105ms] [ERROR] Failed to load resource: net::ERR_TOO_MANY_REDIRECTS @ https://image8.pubmatic.com/AdServer/ImgSync?gdpr=&gdpr_consent=&p=156872&pu=https%3A%2F%2Fsyncv4.intentiq.com%2Fprofiles_engine%2FProfilesEngineServlet%3Fat%3D20%26dpi%3D1402230080%26mi%3D10%26csh%3D793790479%3B1486637409%3B259151345%3B1709765917%3B1868283820%3B1881119486%3B396218182%26rnd%3D-1534265489%26pcid%3D%23PMUID:0
