[     790ms] [ERROR] Failed to load resource: the server responded with a status of 400 () @ https://ncaa-swim-dive-tracker.vercel.app/_next/image?url=https%3A%2F%2Floodibee.com%2Fwp-content%2Fuploads%2FGeorgia_Bulldogs_logo.png&w=256&q=75:0
[     791ms] [ERROR] Failed to load resource: the server responded with a status of 400 () @ https://ncaa-swim-dive-tracker.vercel.app/_next/image?url=https%3A%2F%2Floodibee.com%2Fwp-content%2Fuploads%2FAuburn_Tigers_logo.png&w=256&q=75:0
[     799ms] [ERROR] Failed to load resource: the server responded with a status of 400 () @ https://ncaa-swim-dive-tracker.vercel.app/_next/image?url=https%3A%2F%2Floodibee.com%2Fwp-content%2Fuploads%2FNotre_Dame_Fighting_Irish_logo.png&w=256&q=75:0
[     799ms] [ERROR] Failed to load resource: the server responded with a status of 400 () @ https://ncaa-swim-dive-tracker.vercel.app/_next/image?url=https%3A%2F%2Floodibee.com%2Fwp-content%2Fuploads%2FArmy_Black_Knights_logo.png&w=256&q=75:0
[     799ms] [ERROR] Failed to load resource: the server responded with a status of 400 () @ https://ncaa-swim-dive-tracker.vercel.app/_next/image?url=https%3A%2F%2Floodibee.com%2Fwp-content%2Fuploads%2FTowson_Tigers_logo.png&w=256&q=75:0
[     806ms] [ERROR] Failed to load resource: the server responded with a status of 400 () @ https://ncaa-swim-dive-tracker.vercel.app/_next/image?url=https%3A%2F%2Floodibee.com%2Fwp-content%2Fuploads%2FBrown_Bears_logo.png&w=256&q=75:0
[     814ms] [ERROR] Failed to load resource: the server responded with a status of 400 () @ https://ncaa-swim-dive-tracker.vercel.app/_next/image?url=https%3A%2F%2Floodibee.com%2Fwp-content%2Fuploads%2FKentucky_Wildcats_logo.png&w=256&q=75:0
[     822ms] [ERROR] Failed to load resource: the server responded with a status of 400 () @ https://ncaa-swim-dive-tracker.vercel.app/_next/image?url=https%3A%2F%2Floodibee.com%2Fwp-content%2Fuploads%2FOhio_State_Buckeyes_logo.png&w=256&q=75:0
[     831ms] [ERROR] Failed to load resource: the server responded with a status of 400 () @ https://ncaa-swim-dive-tracker.vercel.app/_next/image?url=https%3A%2F%2Floodibee.com%2Fwp-content%2Fuploads%2FTexas_Longhorns_logo.png&w=256&q=75:0
[     831ms] [ERROR] Failed to load resource: the server responded with a status of 400 () @ https://ncaa-swim-dive-tracker.vercel.app/_next/image?url=https%3A%2F%2Floodibee.com%2Fwp-content%2Fuploads%2FWisconsin_Badgers_logo.png&w=256&q=75:0
[     836ms] [ERROR] Failed to load resource: the server responded with a status of 400 () @ https://ncaa-swim-dive-tracker.vercel.app/_next/image?url=https%3A%2F%2Floodibee.com%2Fwp-content%2Fuploads%2FLouisville_Cardinals_logo.png&w=256&q=75:0
[     836ms] [ERROR] Failed to load resource: the server responded with a status of 400 () @ https://ncaa-swim-dive-tracker.vercel.app/_next/image?url=https%3A%2F%2Floodibee.com%2Fwp-content%2Fuploads%2FSouth_Carolina_Gamecocks_logo.png&w=256&q=75:0
[     838ms] [ERROR] Failed to load resource: the server responded with a status of 400 () @ https://ncaa-swim-dive-tracker.vercel.app/_next/image?url=https%3A%2F%2Floodibee.com%2Fwp-content%2Fuploads%2FVirginia_Cavaliers_logo.png&w=256&q=75:0
[     852ms] [ERROR] Failed to load resource: the server responded with a status of 400 () @ https://ncaa-swim-dive-tracker.vercel.app/_next/image?url=https%3A%2F%2Floodibee.com%2Fwp-content%2Fuploads%2FMichigan_Wolverines_logo.png&w=256&q=75:0
[     852ms] [ERROR] Failed to load resource: the server responded with a status of 400 () @ https://ncaa-swim-dive-tracker.vercel.app/_next/image?url=https%3A%2F%2Floodibee.com%2Fwp-content%2Fuploads%2FAlabama_Crimson_Tide_logo.png&w=256&q=75:0
[     852ms] [ERROR] Failed to load resource: the server responded with a status of 400 () @ https://ncaa-swim-dive-tracker.vercel.app/_next/image?url=https%3A%2F%2Floodibee.com%2Fwp-content%2Fuploads%2FHarvard_Crimson_logo.png&w=256&q=75:0
[     852ms] [ERROR] Failed to load resource: the server responded with a status of 400 () @ https://ncaa-swim-dive-tracker.vercel.app/_next/image?url=https%3A%2F%2Floodibee.com%2Fwp-content%2Fuploads%2FUtah_Utes_logo.png&w=256&q=75:0
[     852ms] [ERROR] Failed to load resource: the server responded with a status of 400 () @ https://ncaa-swim-dive-tracker.vercel.app/_next/image?url=https%3A%2F%2Floodibee.com%2Fwp-content%2Fuploads%2FUNLV_Rebels_logo.png&w=256&q=75:0
[     853ms] [ERROR] Failed to load resource: the server responded with a status of 400 () @ https://ncaa-swim-dive-tracker.vercel.app/_next/image?url=https%3A%2F%2Floodibee.com%2Fwp-content%2Fuploads%2FNorthwestern_Wildcats_logo.png&w=256&q=75:0
[     853ms] [ERROR] Failed to load resource: the server responded with a status of 400 () @ https://ncaa-swim-dive-tracker.vercel.app/_next/image?url=https%3A%2F%2Floodibee.com%2Fwp-content%2Fuploads%2FTCU_Horned_Frogs_logo.png&w=256&q=75:0
[     853ms] [ERROR] Failed to load resource: the server responded with a status of 400 () @ https://ncaa-swim-dive-tracker.vercel.app/_next/image?url=https%3A%2F%2Floodibee.com%2Fwp-content%2Fuploads%2FPittsburgh_Panthers_logo.png&w=256&q=75:0
[     853ms] [ERROR] Failed to load resource: the server responded with a status of 400 () @ https://ncaa-swim-dive-tracker.vercel.app/_next/image?url=https%3A%2F%2Floodibee.com%2Fwp-content%2Fuploads%2FMinnesota_Golden_Gophers_logo.png&w=256&q=75:0
[     853ms] [ERROR] Failed to load resource: the server responded with a status of 400 () @ https://ncaa-swim-dive-tracker.vercel.app/_next/image?url=https%3A%2F%2Floodibee.com%2Fwp-content%2Fuploads%2FWest_Virginia_Mountaineers_logo.png&w=256&q=75:0
[     853ms] [ERROR] Failed to load resource: the server responded with a status of 400 () @ https://ncaa-swim-dive-tracker.vercel.app/_next/image?url=https%3A%2F%2Floodibee.com%2Fwp-content%2Fuploads%2FVirginia_Tech_Hokies_logo.png&w=256&q=75:0
[     853ms] [ERROR] Failed to load resource: the server responded with a status of 400 () @ https://ncaa-swim-dive-tracker.vercel.app/_next/image?url=https%3A%2F%2Floodibee.com%2Fwp-content%2Fuploads%2FNC_State_Wolfpack_logo.png&w=256&q=75:0
[     854ms] [ERROR] Failed to load resource: the server responded with a status of 400 () @ https://ncaa-swim-dive-tracker.vercel.app/_next/image?url=https%3A%2F%2Floodibee.com%2Fwp-content%2Fuploads%2FArizona_State_Sun_Devils_logo.png&w=256&q=75:0
[     855ms] [ERROR] Failed to load resource: the server responded with a status of 400 () @ https://ncaa-swim-dive-tracker.vercel.app/_next/image?url=https%3A%2F%2Floodibee.com%2Fwp-content%2Fuploads%2FPenn_Quakers_logo.png&w=256&q=75:0
[     860ms] [ERROR] Failed to load resource: the server responded with a status of 400 () @ https://ncaa-swim-dive-tracker.vercel.app/_next/image?url=https%3A%2F%2Floodibee.com%2Fwp-content%2Fuploads%2FGeorge_Washington_Revolutionaries_logo.png&w=256&q=75:0
[     861ms] [ERROR] Failed to load resource: the server responded with a status of 400 () @ https://ncaa-swim-dive-tracker.vercel.app/_next/image?url=https%3A%2F%2Floodibee.com%2Fwp-content%2Fuploads%2FSouthern_Illinois_Salukis_logo.png&w=256&q=75:0
[     861ms] [ERROR] Failed to load resource: the server responded with a status of 400 () @ https://ncaa-swim-dive-tracker.vercel.app/_next/image?url=https%3A%2F%2Floodibee.com%2Fwp-content%2Fuploads%2FYale_Bulldogs_logo.png&w=256&q=75:0
[     861ms] [ERROR] Failed to load resource: the server responded with a status of 400 () @ https://ncaa-swim-dive-tracker.vercel.app/_next/image?url=https%3A%2F%2Floodibee.com%2Fwp-content%2Fuploads%2FTennessee_Volunteers_logo.png&w=256&q=75:0
[     861ms] [ERROR] Failed to load resource: the server responded with a status of 400 () @ https://ncaa-swim-dive-tracker.vercel.app/_next/image?url=https%3A%2F%2Floodibee.com%2Fwp-content%2Fuploads%2FMissouri_Tigers_logo.png&w=256&q=75:0
[     861ms] [ERROR] Failed to load resource: the server responded with a status of 400 () @ https://ncaa-swim-dive-tracker.vercel.app/_next/image?url=https%3A%2F%2Floodibee.com%2Fwp-content%2Fuploads%2FLSU_Tigers_logo.png&w=256&q=75:0
[     861ms] [ERROR] Failed to load resource: the server responded with a status of 400 () @ https://ncaa-swim-dive-tracker.vercel.app/_next/image?url=https%3A%2F%2Floodibee.com%2Fwp-content%2Fuploads%2FFlorida_Gators_logo.png&w=256&q=75:0
[     861ms] [ERROR] Failed to load resource: the server responded with a status of 400 () @ https://ncaa-swim-dive-tracker.vercel.app/_next/image?url=https%3A%2F%2Floodibee.com%2Fwp-content%2Fuploads%2FPrinceton_Tigers_logo.png&w=256&q=75:0
[     861ms] [ERROR] Failed to load resource: the server responded with a status of 400 () @ https://ncaa-swim-dive-tracker.vercel.app/_next/image?url=https%3A%2F%2Floodibee.com%2Fwp-content%2Fuploads%2FTexas_A_M_Aggies_logo.png&w=256&q=75:0
[     861ms] [ERROR] Failed to load resource: the server responded with a status of 400 () @ https://ncaa-swim-dive-tracker.vercel.app/_next/image?url=https%3A%2F%2Floodibee.com%2Fwp-content%2Fuploads%2FColumbia_Lions_logo.png&w=256&q=75:0
[     861ms] [ERROR] Failed to load resource: the server responded with a status of 400 () @ https://ncaa-swim-dive-tracker.vercel.app/_next/image?url=https%3A%2F%2Floodibee.com%2Fwp-content%2Fuploads%2FArizona_Wildcats_logo.png&w=256&q=75:0
[     873ms] [ERROR] Failed to load resource: the server responded with a status of 400 () @ https://ncaa-swim-dive-tracker.vercel.app/_next/image?url=https%3A%2F%2Floodibee.com%2Fwp-content%2Fuploads%2FNavy_Midshipmen_logo.png&w=256&q=75:0
[     888ms] [ERROR] Failed to load resource: the server responded with a status of 400 () @ https://ncaa-swim-dive-tracker.vercel.app/_next/image?url=https%3A%2F%2Floodibee.com%2Fwp-content%2Fuploads%2FIndiana_Hoosiers_logo.png&w=256&q=75:0
[    4623ms] [ERROR] Failed to load resource: the server responded with a status of 400 () @ https://ncaa-swim-dive-tracker.vercel.app/_next/image?url=https%3A%2F%2Floodibee.com%2Fwp-content%2Fuploads%2FPurdue_Boilermakers_logo.png&w=256&q=75:0
[    4624ms] [ERROR] Failed to load resource: the server responded with a status of 400 () @ https://ncaa-swim-dive-tracker.vercel.app/_next/image?url=https%3A%2F%2Floodibee.com%2Fwp-content%2Fuploads%2FPenn_State_Nittany_Lions_logo.png&w=256&q=75:0
[    4625ms] [ERROR] Failed to load resource: the server responded with a status of 400 () @ https://ncaa-swim-dive-tracker.vercel.app/_next/image?url=https%3A%2F%2Floodibee.com%2Fwp-content%2Fuploads%2FUSC_Trojans_logo.png&w=256&q=75:0
[    9261ms] [ERROR] Failed to load resource: the server responded with a status of 400 () @ https://ncaa-swim-dive-tracker.vercel.app/_next/image?url=https%3A%2F%2Floodibee.com%2Fwp-content%2Fuploads%2FFlorida_State_Seminoles_logo.png&w=256&q=75:0
[    9261ms] [ERROR] Failed to load resource: the server responded with a status of 400 () @ https://ncaa-swim-dive-tracker.vercel.app/_next/image?url=https%3A%2F%2Floodibee.com%2Fwp-content%2Fuploads%2FNorth_Carolina_Tar_Heels_logo.png&w=256&q=75:0
[    9265ms] [ERROR] Failed to load resource: the server responded with a status of 400 () @ https://ncaa-swim-dive-tracker.vercel.app/_next/image?url=https%3A%2F%2Floodibee.com%2Fwp-content%2Fuploads%2FDuke_Blue_Devils_logo.png&w=256&q=75:0
[    9273ms] [ERROR] Failed to load resource: the server responded with a status of 400 () @ https://ncaa-swim-dive-tracker.vercel.app/_next/image?url=https%3A%2F%2Floodibee.com%2Fwp-content%2Fuploads%2FBoston_College_Eagles_logo.png&w=256&q=75:0
[    9273ms] [ERROR] Failed to load resource: the server responded with a status of 400 () @ https://ncaa-swim-dive-tracker.vercel.app/_next/image?url=https%3A%2F%2Floodibee.com%2Fwp-content%2Fuploads%2FGeorgia_Tech_Yellow_Jackets_logo.png&w=256&q=75:0
[    9274ms] [ERROR] Failed to load resource: the server responded with a status of 400 () @ https://ncaa-swim-dive-tracker.vercel.app/_next/image?url=https%3A%2F%2Floodibee.com%2Fwp-content%2Fuploads%2FStanford_Cardinal_logo.png&w=256&q=75:0
[    9294ms] [ERROR] Failed to load resource: the server responded with a status of 400 () @ https://ncaa-swim-dive-tracker.vercel.app/_next/image?url=https%3A%2F%2Floodibee.com%2Fwp-content%2Fuploads%2FSMU_Mustangs_logo.png&w=256&q=75:0
[    9300ms] [ERROR] Failed to load resource: the server responded with a status of 400 () @ https://ncaa-swim-dive-tracker.vercel.app/_next/image?url=https%3A%2F%2Floodibee.com%2Fwp-content%2Fuploads%2FCalifornia_Golden_Bears_logo.png&w=256&q=75:0
[   11147ms] [ERROR] Failed to load resource: the server responded with a status of 400 () @ https://ncaa-swim-dive-tracker.vercel.app/_next/image?url=https%3A%2F%2Floodibee.com%2Fwp-content%2Fuploads%2FCornell_Big_Red_logo.png&w=256&q=75:0
[   11151ms] [ERROR] Failed to load resource: the server responded with a status of 400 () @ https://ncaa-swim-dive-tracker.vercel.app/_next/image?url=https%3A%2F%2Floodibee.com%2Fwp-content%2Fuploads%2FDartmouth_Big_Green_logo.png&w=256&q=75:0
